15:37:54 2024/09/18 - 15:37:54 | 200 | 1.9134ms | ::1 | POST | 52 | /v1/login | 
15:38:04 2024/09/18 - 15:38:04 | 200 | 16.1486ms | ::1 | POST | 318 | /v1/login | 
15:38:08 2024/09/18 - 15:38:08 | 200 | 4.298ms | ::1 | POST | 318 | /v1/login | 
15:39:46 2024/09/18 - 15:39:46 | 200 | 16.3623ms | ::1 | POST | 345 | /v1/login | 
15:39:48 2024/09/18 - 15:39:48 | 200 | 3.0937ms | ::1 | POST | 345 | /v1/login | 
15:39:49 2024/09/18 - 15:39:49 | 200 | 2.7155ms | ::1 | POST | 345 | /v1/login | 
15:39:50 2024/09/18 - 15:39:50 | 200 | 3.4196ms | ::1 | POST | 345 | /v1/login | 
15:40:08 2024/09/18 - 15:40:08 | 200 | 19.7301ms | ::1 | POST | 345 | /v1/login | 
15:40:17 2024/09/18 - 15:40:17 | 200 | 3.7247ms | ::1 | POST | 345 | /v1/login | 
15:40:48 2024/09/18 - 15:40:48 | 200 | 5.8934ms | ::1 | POST | 345 | /v1/login | 
15:42:12 2024/09/18 - 15:42:12 | 200 | 0s | ::1 | POST | 54 | /v1/login | 
15:42:16 2024/09/18 - 15:42:16 | 200 | 4.716ms | ::1 | POST | 345 | /v1/login | 
15:42:18 2024/09/18 - 15:42:18 | 200 | 2.4459ms | ::1 | GET | 557 | /v1/friend_request | 
15:47:08 2024/09/18 - 15:47:08 | 200 | 20.1825ms | ::1 | GET | 52 | /v1/friend_request | 
15:47:08 2024/09/18 - 15:47:08 | 200 | 1.9575ms | ::1 | GET | 176 | /v1/refresh_token | 
15:47:08 2024/09/18 - 15:47:08 | 200 | 2.1422ms | ::1 | GET | 557 | /v1/friend_request | 
15:47:16 2024/09/18 - 15:47:16 | 200 | 3.1473ms | ::1 | GET | 557 | /v1/friend_request | 
15:56:24 2024/09/18 - 15:56:24 | 200 | 6.3949ms | ::1 | GET | 52 | /v1/friend_request | 
15:56:24 2024/09/18 - 15:56:24 | 200 | 682.5µs | ::1 | GET | 51 | /v1/refresh_token | 
15:57:52 2024/09/18 - 15:57:52 | 200 | 15.9963ms | ::1 | POST | 345 | /v1/login | 
15:57:53 2024/09/18 - 15:57:53 | 200 | 3.1955ms | ::1 | GET | 399 | /v1/friend_request | 
15:58:19 2024/09/18 - 15:58:19 | 200 | 1.299ms | ::1 | GET | 399 | /v1/friend_request | 
15:58:32 2024/09/18 - 15:58:32 | 200 | 694.6µs | ::1 | GET | 52 | /v1/friend_request | 
15:58:32 2024/09/18 - 15:58:32 | 200 | 2.4127ms | ::1 | GET | 176 | /v1/refresh_token | 
15:58:32 2024/09/18 - 15:58:32 | 200 | 1.2816ms | ::1 | GET | 399 | /v1/friend_request | 
15:59:26 2024/09/18 - 15:59:26 | 200 | 511.6µs | ::1 | GET | 52 | /v1/friend_request | 
15:59:26 2024/09/18 - 15:59:26 | 200 | 3.5158ms | ::1 | GET | 176 | /v1/refresh_token | 
15:59:26 2024/09/18 - 15:59:26 | 200 | 1.1027ms | ::1 | GET | 399 | /v1/friend_request | 
15:59:54 2024/09/18 - 15:59:54 | 200 | 14.3949ms | ::1 | GET | 399 | /v1/friend_request | 
16:11:30 2024/09/18 - 16:11:30 | 200 | 41.38ms | ::1 | GET | 52 | /v1/friend_request | 
16:11:30 2024/09/18 - 16:11:30 | 200 | 617.9µs | ::1 | GET | 51 | /v1/refresh_token | 
16:12:31 2024/09/18 - 16:12:31 | 200 | 2.8229ms | ::1 | POST | 345 | /v1/login | 
16:12:59 2024/09/18 - 16:12:59 | 200 | 2.8951ms | ::1 | POST | 345 | /v1/login | 
16:13:00 2024/09/18 - 16:13:00 | 200 | 2.3645ms | ::1 | GET | 419 | /v1/friend_request | 
16:15:49 2024/09/18 - 16:15:49 | 200 | 11.8923ms | ::1 | GET | 52 | /v1/friend_request | 
16:15:49 2024/09/18 - 16:15:49 | 200 | 1.9381ms | ::1 | GET | 176 | /v1/refresh_token | 
16:15:49 2024/09/18 - 16:15:49 | 200 | 23.0438ms | ::1 | GET | 419 | /v1/friend_request | 
16:19:51 2024/09/18 - 16:19:51 | 200 | 601.2µs | ::1 | POST | 46 | /v1/login | 
16:19:52 2024/09/18 - 16:19:52 | 200 | 24.8494ms | ::1 | POST | 338 | /v1/login | 
16:19:57 2024/09/18 - 16:19:57 | 200 | 2.0963ms | ::1 | GET | 231 | /v1/friend_request | 
16:20:27 2024/09/18 - 16:20:27 | 200 | 627.5µs | ::1 | GET | 52 | /v1/friend_request | 
16:20:27 2024/09/18 - 16:20:27 | 200 | 1.6289ms | ::1 | GET | 176 | /v1/refresh_token | 
16:20:27 2024/09/18 - 16:20:27 | 200 | 509.7µs | ::1 | GET | 44 | /v1/friend_request | 
16:20:32 2024/09/18 - 16:20:32 | 200 | 4.2828ms | ::1 | POST | 43 | /v1/friend_request_add | 
16:20:35 2024/09/18 - 16:20:35 | 200 | 1.4253ms | ::1 | GET | 217 | /v1/friend_request | 
16:26:53 2024/09/18 - 16:26:53 | 200 | 5.7911ms | ::1 | GET | 52 | /v1/friend_request | 
16:26:53 2024/09/18 - 16:26:53 | 200 | 709.8µs | ::1 | GET | 51 | /v1/refresh_token | 
16:27:58 2024/09/18 - 16:27:58 | 200 | 2.0746ms | ::1 | POST | 338 | /v1/login | 
16:28:15 2024/09/18 - 16:28:15 | 200 | 3.3009ms | ::1 | POST | 338 | /v1/login | 
16:28:22 2024/09/18 - 16:28:22 | 200 | 1.7259ms | ::1 | GET | 217 | /v1/friend_request | 
16:28:39 2024/09/18 - 16:28:39 | 200 | 0s | ::1 | GET | 46 | /v1/friend_request | 
16:28:44 2024/09/18 - 16:28:44 | 200 | 4.2688ms | ::1 | POST | 338 | /v1/login | 
16:28:46 2024/09/18 - 16:28:46 | 200 | 1.7396ms | ::1 | GET | 44 | /v1/friend_request | 
16:28:47 2024/09/18 - 16:28:47 | 200 | 1.1093ms | ::1 | GET | 44 | /v1/friend_request | 
16:28:48 2024/09/18 - 16:28:48 | 200 | 2.1643ms | ::1 | GET | 44 | /v1/friend_request | 
16:29:29 2024/09/18 - 16:29:29 | 200 | 17.3008ms | ::1 | GET | 52 | /v1/friend_request | 
16:29:29 2024/09/18 - 16:29:29 | 200 | 1.1729ms | ::1 | GET | 176 | /v1/refresh_token | 
16:29:29 2024/09/18 - 16:29:29 | 200 | 1.1785ms | ::1 | GET | 44 | /v1/friend_request | 
16:30:41 2024/09/18 - 16:30:41 | 200 | 14.3384ms | ::1 | GET | 52 | /v1/friend_request | 
16:30:41 2024/09/18 - 16:30:41 | 200 | 1.5655ms | ::1 | GET | 176 | /v1/refresh_token | 
16:30:41 2024/09/18 - 16:30:41 | 200 | 1.3709ms | ::1 | GET | 44 | /v1/friend_request | 
16:31:15 2024/09/18 - 16:31:15 | 200 | 20.4718ms | ::1 | GET | 52 | /v1/friend_request | 
16:31:15 2024/09/18 - 16:31:15 | 200 | 1.7474ms | ::1 | GET | 176 | /v1/refresh_token | 
16:31:15 2024/09/18 - 16:31:15 | 200 | 2.0862ms | ::1 | GET | 44 | /v1/friend_request | 
16:32:36 2024/09/18 - 16:32:36 | 200 | 1.716ms | ::1 | GET | 52 | /v1/friend_request | 
16:32:36 2024/09/18 - 16:32:36 | 200 | 507.7µs | ::1 | GET | 176 | /v1/refresh_token | 
16:32:36 2024/09/18 - 16:32:36 | 200 | 1.0386ms | ::1 | GET | 217 | /v1/friend_request | 
16:35:52 2024/09/18 - 16:35:52 | 200 | 57.5392ms | ::1 | GET | 52 | /v1/friend_request | 
16:35:52 2024/09/18 - 16:35:52 | 200 | 505.4µs | ::1 | GET | 51 | /v1/refresh_token | 
16:36:08 2024/09/18 - 16:36:08 | 200 | 3.9442ms | ::1 | POST | 338 | /v1/login | 
16:36:41 2024/09/18 - 16:36:41 | 200 | 4.3054ms | ::1 | POST | 338 | /v1/login | 
16:36:42 2024/09/18 - 16:36:42 | 200 | 3.8111ms | ::1 | GET | 217 | /v1/friend_request | 
16:36:49 2024/09/18 - 16:36:49 | 200 | 0s | ::1 | GET | 46 | /v1/friend_request | 
16:36:56 2024/09/18 - 16:36:56 | 200 | 3.4068ms | ::1 | POST | 338 | /v1/login | 
16:37:01 2024/09/18 - 16:37:01 | 200 | 1.6899ms | ::1 | GET | 44 | /v1/friend_request | 
16:38:29 2024/09/18 - 16:38:29 | 200 | 13.1526ms | ::1 | GET | 52 | /v1/friend_request | 
16:38:29 2024/09/18 - 16:38:29 | 200 | 1.4338ms | ::1 | GET | 176 | /v1/refresh_token | 
16:38:29 2024/09/18 - 16:38:29 | 200 | 2.59ms | ::1 | GET | 44 | /v1/friend_request | 
16:38:33 2024/09/18 - 16:38:33 | 200 | 3.9171ms | ::1 | POST | 43 | /v1/friend_request_add | 
16:38:36 2024/09/18 - 16:38:36 | 200 | 2.8563ms | ::1 | GET | 217 | /v1/friend_request | 
16:38:40 2024/09/18 - 16:38:40 | 200 | 2.8289ms | ::1 | GET | 217 | /v1/friend_request | 
16:38:43 2024/09/18 - 16:38:43 | 200 | 662.1µs | ::1 | GET | 52 | /v1/friend_request | 
16:38:43 2024/09/18 - 16:38:43 | 200 | 1.3904ms | ::1 | GET | 176 | /v1/refresh_token | 
16:38:43 2024/09/18 - 16:38:43 | 200 | 2.3321ms | ::1 | GET | 44 | /v1/friend_request | 
16:39:25 2024/09/18 - 16:39:25 | 200 | 29.9859ms | ::1 | GET | 52 | /v1/friend_request | 
16:39:25 2024/09/18 - 16:39:25 | 200 | 5.3883ms | ::1 | GET | 176 | /v1/refresh_token | 
16:39:25 2024/09/18 - 16:39:25 | 200 | 3.6948ms | ::1 | GET | 44 | /v1/friend_request | 
16:39:29 2024/09/18 - 16:39:29 | 200 | 1.22ms | ::1 | GET | 44 | /v1/friend_request | 
16:39:35 2024/09/18 - 16:39:35 | 200 | 3.7254ms | ::1 | POST | 43 | /v1/friend_request_add | 
16:39:38 2024/09/18 - 16:39:38 | 200 | 1.7405ms | ::1 | GET | 217 | /v1/friend_request | 
16:39:42 2024/09/18 - 16:39:42 | 200 | 735.2µs | ::1 | GET | 52 | /v1/friend_request | 
16:39:42 2024/09/18 - 16:39:42 | 200 | 1.433ms | ::1 | GET | 176 | /v1/refresh_token | 
16:39:42 2024/09/18 - 16:39:42 | 200 | 2.2173ms | ::1 | GET | 217 | /v1/friend_request | 
16:41:42 2024/09/18 - 16:41:42 | 200 | 7.5293ms | ::1 | GET | 52 | /v1/friend_request | 
16:41:42 2024/09/18 - 16:41:42 | 200 | 8.2695ms | ::1 | GET | 52 | /v1/friend_request | 
16:41:42 2024/09/18 - 16:41:42 | 200 | 1.0899ms | ::1 | GET | 51 | /v1/refresh_token | 
16:41:42 2024/09/18 - 16:41:42 | 200 | 2.9438ms | ::1 | GET | 176 | /v1/refresh_token | 
16:41:42 2024/09/18 - 16:41:42 | 200 | 4.5574ms | ::1 | GET | 217 | /v1/friend_request | 
17:11:19 2024/09/18 - 17:11:19 | 200 | 5.6348ms | ::1 | GET | 52 | /v1/friend_request | 
17:11:19 2024/09/18 - 17:11:19 | 200 | 507.1µs | ::1 | GET | 51 | /v1/refresh_token | 
17:17:28 2024/09/18 - 17:17:28 | 200 | 16.8298ms | ::1 | POST | 338 | /v1/login | 
17:19:50 2024/09/18 - 17:19:50 | 200 | 18.1165ms | ::1 | POST | 338 | /v1/login | 
17:54:20 2024/09/18 - 17:54:20 | 200 | 12.6625ms | ::1 | GET | 52 | /v1/friend_request | 
17:54:20 2024/09/18 - 17:54:20 | 200 | 1.2235ms | ::1 | GET | 176 | /v1/refresh_token | 
17:54:20 2024/09/18 - 17:54:20 | 200 | 1.7423ms | ::1 | GET | 217 | /v1/friend_request | 
17:54:21 2024/09/18 - 17:54:21 | 200 | 4.0481ms | ::1 | GET | 217 | /v1/friend_request | 
17:54:36 2024/09/18 - 17:54:36 | 200 | 506.8µs | ::1 | GET | 217 | /v1/friend_request | 
17:56:53 2024/09/18 - 17:56:53 | 200 | 23.6821ms | ::1 | GET | 52 | /v1/friend_request | 
17:56:53 2024/09/18 - 17:56:53 | 200 | 1.6758ms | ::1 | GET | 176 | /v1/refresh_token | 
17:56:53 2024/09/18 - 17:56:53 | 200 | 1.83ms | ::1 | GET | 217 | /v1/friend_request | 
17:57:51 2024/09/18 - 17:57:51 | 200 | 753.5µs | ::1 | GET | 52 | /v1/friend_request | 
17:57:51 2024/09/18 - 17:57:51 | 200 | 2.1791ms | ::1 | GET | 176 | /v1/refresh_token | 
17:57:51 2024/09/18 - 17:57:51 | 200 | 1.6182ms | ::1 | GET | 217 | /v1/friend_request | 
17:57:59 2024/09/18 - 17:57:59 | 200 | 0s | ::1 | GET | 46 | /v1/friend_request | 
17:58:04 2024/09/18 - 17:58:04 | 200 | 3.1624ms | ::1 | POST | 338 | /v1/login | 
17:58:08 2024/09/18 - 17:58:08 | 200 | 1.6984ms | ::1 | GET | 217 | /v1/friend_request | 
17:58:13 2024/09/18 - 17:58:13 | 200 | 2.9041ms | ::1 | POST | 37 | /v1/friend_request_op | 
17:58:50 2024/09/18 - 17:58:50 | 200 | 15.5092ms | ::1 | GET | 52 | /v1/friend_request | 
17:58:50 2024/09/18 - 17:58:50 | 200 | 1.6303ms | ::1 | GET | 176 | /v1/refresh_token | 
17:58:50 2024/09/18 - 17:58:50 | 200 | 2.4582ms | ::1 | GET | 217 | /v1/friend_request | 
17:58:53 2024/09/18 - 17:58:53 | 200 | 3.259ms | ::1 | POST | 37 | /v1/friend_request_op | 
18:00:02 2024/09/18 - 18:00:02 | 200 | 8.4404ms | ::1 | POST | 52 | /v1/friend_request_op | 
18:00:02 2024/09/18 - 18:00:02 | 200 | 1.3743ms | ::1 | GET | 176 | /v1/refresh_token | 
18:00:02 2024/09/18 - 18:00:02 | 200 | 1.2119ms | ::1 | POST | 37 | /v1/friend_request_op | 
18:10:21 2024/09/18 - 18:10:21 | 200 | 22.1591ms | ::1 | GET | 52 | /v1/friend_request | 
18:10:21 2024/09/18 - 18:10:21 | 200 | 1.7254ms | ::1 | GET | 176 | /v1/refresh_token | 
18:10:21 2024/09/18 - 18:10:21 | 200 | 1.8379ms | ::1 | GET | 217 | /v1/friend_request | 
18:10:25 2024/09/18 - 18:10:25 | 200 | 349.4µs | ::1 | GET | 52 | /v1/friend_request | 
18:10:25 2024/09/18 - 18:10:25 | 200 | 2.0273ms | ::1 | GET | 176 | /v1/refresh_token | 
18:10:25 2024/09/18 - 18:10:25 | 200 | 1.2691ms | ::1 | GET | 217 | /v1/friend_request | 
18:10:26 2024/09/18 - 18:10:26 | 501 | 1.1065ms | ::1 | POST | 108 | /v1/friend_request_op | interface conversion: error is *json.UnmarshalTypeError, not validator.ValidationErrors
18:22:11 2024/09/18 - 18:22:11 | 200 | 9.8517ms | ::1 | GET | 52 | /v1/friend_request | 
18:22:11 2024/09/18 - 18:22:11 | 200 | 1.9ms | ::1 | GET | 176 | /v1/refresh_token | 
18:22:11 2024/09/18 - 18:22:11 | 200 | 1.4243ms | ::1 | GET | 217 | /v1/friend_request | 
18:22:11 2024/09/18 - 18:22:11 | 501 | 1.4304ms | ::1 | POST | 108 | /v1/friend_request_op | interface conversion: error is *json.UnmarshalTypeError, not validator.ValidationErrors
18:27:49 2024/09/18 - 18:27:49 | 200 | 30.8801ms | ::1 | GET | 52 | /v1/friend_request | 
18:27:49 2024/09/18 - 18:27:49 | 200 | 2.9056ms | ::1 | GET | 176 | /v1/refresh_token | 
18:27:49 2024/09/18 - 18:27:49 | 200 | 1.2423ms | ::1 | GET | 217 | /v1/friend_request | 
18:29:04 2024/09/18 - 18:29:04 | 200 | 11.683ms | ::1 | POST | 52 | /v1/friend_request_op | 
18:29:04 2024/09/18 - 18:29:04 | 200 | 1.1361ms | ::1 | GET | 176 | /v1/refresh_token | 
18:29:33 2024/09/18 - 18:29:33 | 501 | 12.1346ms | ::1 | POST | 108 | /v1/friend_request_op | interface conversion: error is *json.UnmarshalTypeError, not validator.ValidationErrors
18:30:16 2024/09/18 - 18:30:16 | 200 | 12.2407ms | ::1 | POST | 52 | /v1/friend_request_op | 
18:30:16 2024/09/18 - 18:30:16 | 200 | 1.4232ms | ::1 | GET | 176 | /v1/refresh_token | 
18:30:16 2024/09/18 - 18:30:16 | 501 | 506.3µs | ::1 | POST | 108 | /v1/friend_request_op | interface conversion: error is *json.UnmarshalTypeError, not validator.ValidationErrors
18:38:17 2024/09/18 - 18:38:17 | 200 | 5.4684ms | ::1 | GET | 52 | /v1/friend_request | 
18:38:17 2024/09/18 - 18:38:17 | 200 | 1.7397ms | ::1 | GET | 176 | /v1/refresh_token | 
18:38:17 2024/09/18 - 18:38:17 | 200 | 2.9877ms | ::1 | GET | 52 | /v1/friend_request | 
18:38:17 2024/09/18 - 18:38:17 | 200 | 1.4449ms | ::1 | GET | 217 | /v1/friend_request | 
18:38:17 2024/09/18 - 18:38:17 | 200 | 1.3154ms | ::1 | GET | 176 | /v1/refresh_token | 
18:38:17 2024/09/18 - 18:38:17 | 200 | 506µs | ::1 | GET | 217 | /v1/friend_request | 
18:38:22 2024/09/18 - 18:38:22 | 200 | 1.3881ms | ::1 | GET | 217 | /v1/friend_request | 
18:38:23 2024/09/18 - 18:38:23 | 501 | 1.349ms | ::1 | POST | 108 | /v1/friend_request_op | interface conversion: error is *json.UnmarshalTypeError, not validator.ValidationErrors
18:40:21 2024/09/18 - 18:40:21 | 200 | 9.3906ms | ::1 | GET | 52 | /v1/friend_request | 
18:40:21 2024/09/18 - 18:40:21 | 200 | 1.1557ms | ::1 | GET | 176 | /v1/refresh_token | 
18:40:21 2024/09/18 - 18:40:21 | 200 | 1.1423ms | ::1 | GET | 217 | /v1/friend_request | 
18:40:22 2024/09/18 - 18:40:22 | 501 | 1.6814ms | ::1 | POST | 108 | /v1/friend_request_op | interface conversion: error is *json.UnmarshalTypeError, not validator.ValidationErrors
18:40:51 2024/09/18 - 18:40:51 | 200 | 20.5536ms | ::1 | POST | 37 | /v1/friend_request_op | 
18:41:49 2024/09/18 - 18:41:49 | 200 | 733.4µs | ::1 | GET | 52 | /v1/friend_request | 
18:41:49 2024/09/18 - 18:41:49 | 200 | 1.2611ms | ::1 | GET | 176 | /v1/refresh_token | 
18:41:49 2024/09/18 - 18:41:49 | 200 | 1.4202ms | ::1 | GET | 217 | /v1/friend_request | 
18:41:51 2024/09/18 - 18:41:51 | 200 | 977.8µs | ::1 | GET | 217 | /v1/friend_request | 
18:42:35 2024/09/18 - 18:42:35 | 200 | 1.0532ms | ::1 | GET | 52 | /v1/friend_request | 
18:42:35 2024/09/18 - 18:42:35 | 200 | 1.2232ms | ::1 | GET | 176 | /v1/refresh_token | 
18:42:35 2024/09/18 - 18:42:35 | 200 | 595.9µs | ::1 | GET | 217 | /v1/friend_request | 
18:43:03 2024/09/18 - 18:43:03 | 200 | 5.0937ms | ::1 | GET | 217 | /v1/friend_request | 
18:43:08 2024/09/18 - 18:43:08 | 200 | 1.5163ms | ::1 | GET | 52 | /v1/friend_request | 
18:43:08 2024/09/18 - 18:43:08 | 200 | 1.9806ms | ::1 | GET | 176 | /v1/refresh_token | 
18:43:08 2024/09/18 - 18:43:08 | 200 | 1.6926ms | ::1 | GET | 217 | /v1/friend_request | 
18:43:29 2024/09/18 - 18:43:29 | 200 | 1.5567ms | ::1 | GET | 217 | /v1/friend_request | 
18:43:33 2024/09/18 - 18:43:33 | 200 | 1.3654ms | ::1 | GET | 52 | /v1/friend_request | 
18:43:33 2024/09/18 - 18:43:33 | 200 | 1.0513ms | ::1 | GET | 176 | /v1/refresh_token | 
18:43:33 2024/09/18 - 18:43:33 | 200 | 622.4µs | ::1 | GET | 217 | /v1/friend_request | 
18:43:37 2024/09/18 - 18:43:37 | 200 | 1.277ms | ::1 | GET | 217 | /v1/friend_request | 
19:11:36 2024/09/18 - 19:11:36 | 200 | 13.9927ms | ::1 | GET | 52 | /v1/friend_request | 
19:11:36 2024/09/18 - 19:11:36 | 200 | 1.4304ms | ::1 | GET | 176 | /v1/refresh_token | 
19:11:36 2024/09/18 - 19:11:36 | 200 | 2.4931ms | ::1 | GET | 44 | /v1/friend_request | 
19:11:42 2024/09/18 - 19:11:42 | 200 | 4.947ms | ::1 | POST | 43 | /v1/friend_request_add | 
19:11:44 2024/09/18 - 19:11:44 | 200 | 2.0097ms | ::1 | GET | 217 | /v1/friend_request | 
19:11:48 2024/09/18 - 19:11:48 | 200 | 1.5835ms | ::1 | GET | 52 | /v1/friend_request | 
19:11:48 2024/09/18 - 19:11:48 | 200 | 1.3319ms | ::1 | GET | 176 | /v1/refresh_token | 
19:11:48 2024/09/18 - 19:11:48 | 200 | 1.2835ms | ::1 | GET | 217 | /v1/friend_request | 
19:11:49 2024/09/18 - 19:11:49 | 200 | 2.0834ms | ::1 | POST | 37 | /v1/friend_request_op | 
19:11:52 2024/09/18 - 19:11:52 | 200 | 1.25ms | ::1 | GET | 217 | /v1/friend_request | 
19:15:25 2024/09/18 - 19:15:25 | 200 | 15.6762ms | ::1 | GET | 52 | /v1/friend_request | 
19:15:25 2024/09/18 - 19:15:25 | 200 | 1.1842ms | ::1 | GET | 176 | /v1/refresh_token | 
19:15:25 2024/09/18 - 19:15:25 | 200 | 505.1µs | ::1 | GET | 217 | /v1/friend_request | 
19:15:35 2024/09/18 - 19:15:35 | 200 | 1.0345ms | ::1 | GET | 217 | /v1/friend_request | 
19:15:37 2024/09/18 - 19:15:37 | 200 | 1.5492ms | ::1 | GET | 217 | /v1/friend_request | 
19:15:38 2024/09/18 - 19:15:38 | 200 | 1.2518ms | ::1 | GET | 217 | /v1/friend_request | 
19:15:45 2024/09/18 - 19:15:45 | 200 | 3.1472ms | ::1 | POST | 37 | /v1/friend_request_op | 
19:17:09 2024/09/18 - 19:17:09 | 200 | 13.3982ms | ::1 | GET | 52 | /v1/friend_request | 
19:17:09 2024/09/18 - 19:17:09 | 200 | 1.3878ms | ::1 | GET | 176 | /v1/refresh_token | 
19:17:09 2024/09/18 - 19:17:09 | 200 | 1.6917ms | ::1 | GET | 217 | /v1/friend_request | 
19:17:19 2024/09/18 - 19:17:19 | 200 | 1.5966ms | ::1 | GET | 217 | /v1/friend_request | 
19:17:21 2024/09/18 - 19:17:21 | 200 | 1.7922ms | ::1 | GET | 217 | /v1/friend_request | 
19:17:31 2024/09/18 - 19:17:31 | 200 | 1.2884ms | ::1 | GET | 217 | /v1/friend_request | 
19:17:33 2024/09/18 - 19:17:33 | 200 | 4.5969ms | ::1 | POST | 37 | /v1/friend_request_op | 
19:17:36 2024/09/18 - 19:17:36 | 200 | 1.5115ms | ::1 | GET | 217 | /v1/friend_request | 
19:19:09 2024/09/18 - 19:19:09 | 200 | 1.9166ms | ::1 | GET | 52 | /v1/friend | 
19:19:09 2024/09/18 - 19:19:09 | 200 | 7.3942ms | ::1 | GET | 52 | /v1/friend_request | 
19:19:09 2024/09/18 - 19:19:09 | 200 | 2.3937ms | ::1 | GET | 176 | /v1/refresh_token | 
19:19:09 2024/09/18 - 19:19:09 | 200 | 582.5µs | ::1 | GET | 52 | /v1/friend | 
19:19:09 2024/09/18 - 19:19:09 | 200 | 3.6637ms | ::1 | GET | 176 | /v1/refresh_token | 
19:19:09 2024/09/18 - 19:19:09 | 200 | 3.6551ms | ::1 | GET | 52 | /v1/friend_request | 
19:19:09 2024/09/18 - 19:19:09 | 200 | 727.2µs | ::1 | GET | 43 | /v1/friend | 
19:19:09 2024/09/18 - 19:19:09 | 200 | 1.1808ms | ::1 | GET | 217 | /v1/friend_request | 
19:19:09 2024/09/18 - 19:19:09 | 200 | 1.5795ms | ::1 | GET | 176 | /v1/refresh_token | 
19:19:09 2024/09/18 - 19:19:09 | 200 | 1.1346ms | ::1 | GET | 176 | /v1/refresh_token | 
19:19:09 2024/09/18 - 19:19:09 | 200 | 1.6406ms | ::1 | GET | 43 | /v1/friend | 
19:19:09 2024/09/18 - 19:19:09 | 200 | 1.2615ms | ::1 | GET | 217 | /v1/friend_request | 
19:19:17 2024/09/18 - 19:19:17 | 200 | 646.4µs | ::1 | GET | 143 | /v1/friend | 
19:19:17 2024/09/18 - 19:19:17 | 200 | 1.6721ms | ::1 | GET | 217 | /v1/friend_request | 
19:19:17 2024/09/18 - 19:19:17 | 200 | 1.1866ms | ::1 | GET | 217 | /v1/friend_request | 
19:19:17 2024/09/18 - 19:19:17 | 200 | 746.7µs | ::1 | GET | 143 | /v1/friend | 
19:31:47 2024/09/18 - 19:31:47 | 200 | 24.1877ms | ::1 | GET | 52 | /v1/friend | 
19:31:47 2024/09/18 - 19:31:47 | 200 | 28.5084ms | ::1 | GET | 52 | /v1/friend_request | 
19:31:47 2024/09/18 - 19:31:47 | 200 | 2.4789ms | ::1 | GET | 176 | /v1/refresh_token | 
19:31:47 2024/09/18 - 19:31:47 | 200 | 1.6955ms | ::1 | GET | 176 | /v1/refresh_token | 
19:31:47 2024/09/18 - 19:31:47 | 200 | 630µs | ::1 | GET | 43 | /v1/friend | 
19:31:47 2024/09/18 - 19:31:47 | 200 | 1.8796ms | ::1 | GET | 217 | /v1/friend_request | 
19:31:52 2024/09/18 - 19:31:52 | 200 | 2.6376ms | ::1 | GET | 217 | /v1/friend_request | 
19:31:52 2024/09/18 - 19:31:52 | 200 | 7.6706ms | ::1 | GET | 164 | /v1/friend | 
19:36:38 2024/09/18 - 19:36:38 | 200 | 10.3923ms | ::1 | GET | 52 | /v1/friend | 
19:36:38 2024/09/18 - 19:36:38 | 200 | 13.1117ms | ::1 | GET | 52 | /v1/friend_request | 
19:36:38 2024/09/18 - 19:36:38 | 200 | 1.9479ms | ::1 | GET | 176 | /v1/refresh_token | 
19:36:38 2024/09/18 - 19:36:38 | 200 | 507.4µs | ::1 | GET | 176 | /v1/refresh_token | 
19:36:38 2024/09/18 - 19:36:38 | 200 | 251.4µs | ::1 | GET | 43 | /v1/friend | 
19:36:38 2024/09/18 - 19:36:38 | 200 | 1.1511ms | ::1 | GET | 217 | /v1/friend_request | 
19:36:54 2024/09/18 - 19:36:54 | 200 | 1.7245ms | ::1 | GET | 217 | /v1/friend_request | 
19:36:54 2024/09/18 - 19:36:54 | 200 | 5.3104ms | ::1 | GET | 164 | /v1/friend | 
19:39:18 2024/09/18 - 19:39:18 | 200 | 26.8064ms | ::1 | GET | 52 | /v1/friend | 
19:39:18 2024/09/18 - 19:39:18 | 200 | 30.7607ms | ::1 | GET | 52 | /v1/friend_request | 
19:39:18 2024/09/18 - 19:39:18 | 200 | 2.0119ms | ::1 | GET | 176 | /v1/refresh_token | 
19:39:18 2024/09/18 - 19:39:18 | 200 | 1.8128ms | ::1 | GET | 176 | /v1/refresh_token | 
19:39:18 2024/09/18 - 19:39:18 | 200 | 705.4µs | ::1 | GET | 43 | /v1/friend | 
19:39:18 2024/09/18 - 19:39:18 | 200 | 1.7322ms | ::1 | GET | 217 | /v1/friend_request | 
19:40:41 2024/09/18 - 19:40:41 | 200 | 1.0805ms | ::1 | GET | 52 | /v1/friend_request | 
19:40:41 2024/09/18 - 19:40:41 | 200 | 1.0805ms | ::1 | GET | 52 | /v1/friend | 
19:40:41 2024/09/18 - 19:40:41 | 200 | 1.2344ms | ::1 | GET | 176 | /v1/refresh_token | 
19:40:41 2024/09/18 - 19:40:41 | 200 | 1.1059ms | ::1 | GET | 176 | /v1/refresh_token | 
19:40:41 2024/09/18 - 19:40:41 | 200 | 707.8µs | ::1 | GET | 43 | /v1/friend | 
19:40:41 2024/09/18 - 19:40:41 | 200 | 1.1165ms | ::1 | GET | 217 | /v1/friend_request | 
19:40:43 2024/09/18 - 19:40:43 | 200 | 606.1µs | ::1 | GET | 217 | /v1/friend_request | 
19:40:43 2024/09/18 - 19:40:43 | 200 | 2.8896ms | ::1 | GET | 164 | /v1/friend | 
19:40:48 2024/09/18 - 19:40:48 | 200 | 2.712ms | ::1 | GET | 217 | /v1/friend_request | 
19:40:48 2024/09/18 - 19:40:48 | 200 | 5.0183ms | ::1 | GET | 164 | /v1/friend | 
19:47:04 2024/09/18 - 19:47:04 | 200 | 15.4734ms | ::1 | GET | 52 | /v1/friend_request | 
19:47:04 2024/09/18 - 19:47:04 | 200 | 14.4054ms | ::1 | GET | 52 | /v1/friend | 
19:47:04 2024/09/18 - 19:47:04 | 200 | 1.5849ms | ::1 | GET | 176 | /v1/refresh_token | 
19:47:04 2024/09/18 - 19:47:04 | 200 | 1.0504ms | ::1 | GET | 176 | /v1/refresh_token | 
19:47:04 2024/09/18 - 19:47:04 | 200 | 571µs | ::1 | GET | 43 | /v1/friend_request | 
19:47:04 2024/09/18 - 19:47:04 | 200 | 4.8043ms | ::1 | GET | 463 | /v1/friend | 
19:47:07 2024/09/18 - 19:47:07 | 200 | 60.3123ms | ::1 | GET | 217 | /v1/friend_request | 
19:47:07 2024/09/18 - 19:47:07 | 200 | 61.9933ms | ::1 | GET | 463 | /v1/friend | 
20:06:24 2024/09/18 - 20:06:24 | 200 | 90.911ms | ::1 | GET | 52 | /v1/friend | 
20:06:24 2024/09/18 - 20:06:24 | 200 | 93.0046ms | ::1 | GET | 52 | /v1/friend_request | 
20:06:24 2024/09/18 - 20:06:24 | 200 | 1.0391ms | ::1 | GET | 176 | /v1/refresh_token | 
20:06:24 2024/09/18 - 20:06:24 | 200 | 1.1766ms | ::1 | GET | 176 | /v1/refresh_token | 
20:06:24 2024/09/18 - 20:06:24 | 200 | 0s | ::1 | GET | 43 | /v1/friend | 
20:06:24 2024/09/18 - 20:06:24 | 200 | 1.2644ms | ::1 | GET | 217 | /v1/friend_request | 
20:06:35 2024/09/18 - 20:06:35 | 200 | 698.5µs | ::1 | GET | 217 | /v1/friend_request | 
20:06:35 2024/09/18 - 20:06:35 | 200 | 5.7354ms | ::1 | GET | 403 | /v1/friend | 
20:12:06 2024/09/18 - 20:12:06 | 200 | 115.9744ms | ::1 | GET | 52 | /v1/friend | 
20:12:06 2024/09/18 - 20:12:06 | 200 | 120.2395ms | ::1 | GET | 52 | /v1/friend_request | 
20:12:06 2024/09/18 - 20:12:06 | 200 | 1.7871ms | ::1 | GET | 176 | /v1/refresh_token | 
20:12:06 2024/09/18 - 20:12:06 | 200 | 1.0492ms | ::1 | GET | 176 | /v1/refresh_token | 
20:12:06 2024/09/18 - 20:12:06 | 200 | 628.1µs | ::1 | GET | 43 | /v1/friend | 
20:12:06 2024/09/18 - 20:12:06 | 200 | 1.1418ms | ::1 | GET | 217 | /v1/friend_request | 
20:12:11 2024/09/18 - 20:12:11 | 200 | 2.2714ms | ::1 | GET | 217 | /v1/friend_request | 
20:12:11 2024/09/18 - 20:12:11 | 200 | 5.0279ms | ::1 | GET | 321 | /v1/friend | 
20:13:08 2024/09/18 - 20:13:08 | 200 | 1.2814ms | ::1 | GET | 52 | /v1/friend_request | 
20:13:08 2024/09/18 - 20:13:08 | 200 | 606.9µs | ::1 | GET | 52 | /v1/friend | 
20:13:08 2024/09/18 - 20:13:08 | 200 | 2.169ms | ::1 | GET | 176 | /v1/refresh_token | 
20:13:08 2024/09/18 - 20:13:08 | 200 | 2.0458ms | ::1 | GET | 176 | /v1/refresh_token | 
20:13:08 2024/09/18 - 20:13:08 | 200 | 775.7µs | ::1 | GET | 43 | /v1/friend_request | 
20:13:08 2024/09/18 - 20:13:08 | 200 | 3.7442ms | ::1 | GET | 321 | /v1/friend | 
20:15:31 2024/09/18 - 20:15:31 | 200 | 6.1055ms | ::1 | GET | 52 | /v1/friend_request | 
20:15:31 2024/09/18 - 20:15:31 | 200 | 3.9679ms | ::1 | GET | 52 | /v1/friend | 
20:15:32 2024/09/18 - 20:15:32 | 200 | 2.0401ms | ::1 | GET | 176 | /v1/refresh_token | 
20:15:32 2024/09/18 - 20:15:32 | 200 | 1.0347ms | ::1 | GET | 176 | /v1/refresh_token | 
20:15:32 2024/09/18 - 20:15:32 | 200 | 505.8µs | ::1 | GET | 43 | /v1/friend_request | 
20:15:32 2024/09/18 - 20:15:32 | 200 | 4.1598ms | ::1 | GET | 321 | /v1/friend | 
20:15:59 2024/09/18 - 20:15:59 | 200 | 3.5481ms | ::1 | GET | 217 | /v1/friend_request | 
20:15:59 2024/09/18 - 20:15:59 | 200 | 7.0251ms | ::1 | GET | 321 | /v1/friend | 
20:16:10 2024/09/18 - 20:16:10 | 200 | 784.4µs | ::1 | GET | 52 | /v1/friend_request | 
20:16:10 2024/09/18 - 20:16:10 | 200 | 1.2929ms | ::1 | GET | 52 | /v1/friend | 
20:16:10 2024/09/18 - 20:16:10 | 200 | 1.8868ms | ::1 | GET | 176 | /v1/refresh_token | 
20:16:10 2024/09/18 - 20:16:10 | 200 | 2.27ms | ::1 | GET | 176 | /v1/refresh_token | 
20:16:10 2024/09/18 - 20:16:10 | 200 | 512.5µs | ::1 | GET | 43 | /v1/friend_request | 
20:16:10 2024/09/18 - 20:16:10 | 200 | 2.4258ms | ::1 | GET | 321 | /v1/friend | 
20:18:12 2024/09/18 - 20:18:12 | 200 | 9.291ms | ::1 | GET | 52 | /v1/friend_request | 
20:18:12 2024/09/18 - 20:18:12 | 200 | 1.723ms | ::1 | GET | 176 | /v1/refresh_token | 
20:18:12 2024/09/18 - 20:18:12 | 200 | 1.744ms | ::1 | GET | 217 | /v1/friend_request | 
20:18:12 2024/09/18 - 20:18:12 | 200 | 3.7775ms | ::1 | GET | 321 | /v1/friend | 
20:18:12 2024/09/18 - 20:18:12 | 200 | 1.7353ms | ::1 | GET | 52 | /v1/friend_request | 
20:18:12 2024/09/18 - 20:18:12 | 200 | 1.7033ms | ::1 | GET | 176 | /v1/refresh_token | 
20:18:12 2024/09/18 - 20:18:12 | 200 | 957µs | ::1 | GET | 217 | /v1/friend_request | 
20:18:13 2024/09/18 - 20:18:13 | 200 | 2.7768ms | ::1 | GET | 321 | /v1/friend | 
20:18:23 2024/09/18 - 20:18:23 | 200 | 604.6µs | ::1 | GET | 217 | /v1/friend_request | 
20:18:23 2024/09/18 - 20:18:23 | 200 | 1.6803ms | ::1 | GET | 321 | /v1/friend | 
20:18:25 2024/09/18 - 20:18:25 | 200 | 596.8µs | ::1 | GET | 217 | /v1/friend_request | 
20:18:25 2024/09/18 - 20:18:25 | 200 | 1.8687ms | ::1 | GET | 321 | /v1/friend | 
20:19:38 2024/09/18 - 20:19:38 | 200 | 1.1685ms | ::1 | GET | 52 | /v1/friend_request | 
20:19:38 2024/09/18 - 20:19:38 | 200 | 2.5931ms | ::1 | GET | 176 | /v1/refresh_token | 
20:19:38 2024/09/18 - 20:19:38 | 200 | 2.5436ms | ::1 | GET | 217 | /v1/friend_request | 
20:19:38 2024/09/18 - 20:19:38 | 200 | 3.7492ms | ::1 | GET | 321 | /v1/friend | 
20:19:38 2024/09/18 - 20:19:38 | 200 | 798.4µs | ::1 | GET | 52 | /v1/friend_request | 
20:19:38 2024/09/18 - 20:19:38 | 200 | 1.7136ms | ::1 | GET | 176 | /v1/refresh_token | 
20:19:38 2024/09/18 - 20:19:38 | 200 | 1.3441ms | ::1 | GET | 217 | /v1/friend_request | 
20:19:38 2024/09/18 - 20:19:38 | 200 | 2.4017ms | ::1 | GET | 321 | /v1/friend | 
20:19:41 2024/09/18 - 20:19:41 | 200 | 1.3811ms | ::1 | GET | 217 | /v1/friend_request | 
20:19:41 2024/09/18 - 20:19:41 | 200 | 1.6041ms | ::1 | GET | 217 | /v1/friend_request | 
20:19:41 2024/09/18 - 20:19:41 | 200 | 3.2879ms | ::1 | GET | 321 | /v1/friend | 
20:19:41 2024/09/18 - 20:19:41 | 200 | 3.3552ms | ::1 | GET | 321 | /v1/friend | 
20:19:43 2024/09/18 - 20:19:43 | 200 | 1.5206ms | ::1 | GET | 217 | /v1/friend_request | 
20:19:43 2024/09/18 - 20:19:43 | 200 | 3.2168ms | ::1 | GET | 321 | /v1/friend | 
20:20:07 2024/09/18 - 20:20:07 | 200 | 1.4656ms | ::1 | GET | 217 | /v1/friend_request | 
20:20:07 2024/09/18 - 20:20:07 | 200 | 4.2348ms | ::1 | GET | 321 | /v1/friend | 
20:20:13 2024/09/18 - 20:20:13 | 200 | 12.0964ms | ::1 | GET | 52 | /v1/friend_request | 
20:20:13 2024/09/18 - 20:20:13 | 200 | 1.9136ms | ::1 | GET | 176 | /v1/refresh_token | 
20:20:13 2024/09/18 - 20:20:13 | 200 | 1.3073ms | ::1 | GET | 217 | /v1/friend_request | 
20:20:13 2024/09/18 - 20:20:13 | 200 | 3.6589ms | ::1 | GET | 321 | /v1/friend | 
20:21:12 2024/09/18 - 20:21:12 | 200 | 649µs | ::1 | GET | 52 | /v1/friend_request | 
20:21:12 2024/09/18 - 20:21:12 | 200 | 511.7µs | ::1 | GET | 52 | /v1/friend_request | 
20:21:12 2024/09/18 - 20:21:12 | 200 | 1.6747ms | ::1 | GET | 176 | /v1/refresh_token | 
20:21:12 2024/09/18 - 20:21:12 | 200 | 1.0911ms | ::1 | GET | 176 | /v1/refresh_token | 
20:21:12 2024/09/18 - 20:21:12 | 200 | 1.1275ms | ::1 | GET | 217 | /v1/friend_request | 
20:21:12 2024/09/18 - 20:21:12 | 200 | 1.6257ms | ::1 | GET | 217 | /v1/friend_request | 
20:21:12 2024/09/18 - 20:21:12 | 200 | 3.5921ms | ::1 | GET | 321 | /v1/friend | 
20:21:12 2024/09/18 - 20:21:12 | 200 | 1.8393ms | ::1 | GET | 321 | /v1/friend | 
20:21:19 2024/09/18 - 20:21:19 | 200 | 652.3µs | ::1 | GET | 217 | /v1/friend_request | 
20:21:19 2024/09/18 - 20:21:19 | 200 | 1.1085ms | ::1 | GET | 321 | /v1/friend | 
20:22:31 2024/09/18 - 20:22:31 | 200 | 12.2253ms | ::1 | GET | 52 | /v1/friend_request | 
20:22:31 2024/09/18 - 20:22:31 | 200 | 1.9223ms | ::1 | GET | 176 | /v1/refresh_token | 
20:22:31 2024/09/18 - 20:22:31 | 200 | 1.2917ms | ::1 | GET | 217 | /v1/friend_request | 
20:22:31 2024/09/18 - 20:22:31 | 200 | 2.6714ms | ::1 | GET | 321 | /v1/friend | 
20:22:36 2024/09/18 - 20:22:36 | 200 | 6.1561ms | ::1 | GET | 217 | /v1/friend_request | 
20:22:36 2024/09/18 - 20:22:36 | 200 | 6.1813ms | ::1 | GET | 321 | /v1/friend | 
20:23:02 2024/09/18 - 20:23:02 | 200 | 1.4781ms | ::1 | GET | 52 | /v1/friend_request | 
20:23:02 2024/09/18 - 20:23:02 | 200 | 3.1444ms | ::1 | GET | 176 | /v1/refresh_token | 
20:23:02 2024/09/18 - 20:23:02 | 200 | 1.2953ms | ::1 | GET | 52 | /v1/friend_request | 
20:23:02 2024/09/18 - 20:23:02 | 200 | 3.443ms | ::1 | GET | 176 | /v1/refresh_token | 
20:23:02 2024/09/18 - 20:23:02 | 200 | 19.4994ms | ::1 | GET | 217 | /v1/friend_request | 
20:23:02 2024/09/18 - 20:23:02 | 200 | 1.3774ms | ::1 | GET | 217 | /v1/friend_request | 
20:23:02 2024/09/18 - 20:23:02 | 200 | 5.2447ms | ::1 | GET | 321 | /v1/friend | 
20:23:02 2024/09/18 - 20:23:02 | 200 | 4.1879ms | ::1 | GET | 321 | /v1/friend | 
