17:17:46 2024/09/17 - 17:17:46 | 200 | 47.7663ms | ::1 | POST | 200 |  | 345 | /v1/login
17:17:47 2024/09/17 - 17:17:47 | 404 | 0s | ::1 | GET | 404 |  | -1 | /v1/t1
17:19:22 2024/09/17 - 17:19:22 | 200 | 1.1753ms | ::1 | POST | 200 |  | 52 | /v1/friend_request
17:19:22 2024/09/17 - 17:19:22 | 200 | 2.7516ms | ::1 | GET | 200 |  | 176 | /v1/refresh_token
17:19:22 2024/09/17 - 17:19:22 | 200 | 0s | ::1 | POST | 200 |  | 43 | /v1/friend_request
17:21:46 2024/09/17 - 17:21:46 | 200 | 581µs | ::1 | POST | 200 |  | 43 | /v1/friend_request
17:22:02 2024/09/17 - 17:22:02 | 200 | 3.2956ms | ::1 | POST | 200 |  | 52 | /v1/login
17:22:31 2024/09/17 - 17:22:31 | 200 | 10.1638ms | ::1 | POST | 200 |  | 345 | /v1/login
17:22:48 2024/09/17 - 17:22:48 | 200 | 2.5728ms | ::1 | POST | 200 |  | 46 | /v1/friend_request
17:24:00 2024/09/17 - 17:24:00 | 200 | 1.1047ms | ::1 | POST | 200 |  | 52 | /v1/friend_request
17:24:00 2024/09/17 - 17:24:00 | 200 | 3.631ms | ::1 | GET | 200 |  | 176 | /v1/refresh_token
17:24:00 2024/09/17 - 17:24:00 | 200 | 1.6658ms | ::1 | POST | 200 |  | 46 | /v1/friend_request
17:24:20 2024/09/17 - 17:24:20 | 200 | 3.4159ms | ::1 | POST | 200 |  | 43 | /v1/friend_request
17:25:03 2024/09/17 - 17:25:03 | 200 | 622.8µs | ::1 | POST | 200 |  | 52 | /v1/login
17:27:12 2024/09/17 - 17:27:12 | 200 | 15.9798ms | ::1 | POST | 200 |  | 345 | /v1/register
17:27:41 2024/09/17 - 17:27:41 | 200 | 5.1623ms | ::1 | POST | 200 |  | 43 | /v1/friend_request
17:44:54 2024/09/17 - 17:44:54 | 200 | 15.8682ms | ::1 | POST | 200 |  | 43 | /v1/friend_request
17:49:37 2024/09/17 - 17:49:37 | 200 | 21.4916ms | ::1 | POST | 200 |  | 43 | /v1/friend_request
18:08:19 2024/09/17 - 18:08:19 | 404 | 0s | ::1 | GET | 404 |  | -1 | /v1/t1
18:08:32 2024/09/17 - 18:08:32 | 404 | 0s | ::1 | GET | 404 |  | -1 | /v1/friend_request
18:08:54 2024/09/17 - 18:08:54 | 404 | 0s | ::1 | GET | 404 |  | -1 | /v1/friend_request
18:09:23 2024/09/17 - 18:09:23 | 200 | 25.4165ms | ::1 | GET | 200 |  | 359 | /v1/friend_request
18:11:46 2024/09/17 - 18:11:46 | 200 | 509.5µs | ::1 | GET | 200 |  | 43 | /v1/friend_request?page=2
18:11:49 2024/09/17 - 18:11:49 | 200 | 15.2205ms | ::1 | GET | 200 |  | 44 | /v1/friend_request?page=2
18:17:06 2024/09/17 - 18:17:06 | 200 | 7.7254ms | ::1 | GET | 200 |  | 359 | /v1/friend_request
18:18:35 2024/09/17 - 18:18:35 | 200 | 43.52ms | ::1 | GET | 200 |  | 371 | /v1/friend_request
18:51:28 2024/09/17 - 18:51:28 | 200 | 2024/09/17 - 18:51:28 | ::1 | GET | 200 |  | 75 | /v1/friend_request
18:51:30 2024/09/17 - 18:51:30 | 200 | 2024/09/17 - 18:51:30 | ::1 | GET | 200 |  | 75 | /v1/friend_request
18:52:00 2024/09/17 - 18:52:00 | 200 | 2024/09/17 - 18:52:00 | ::1 | GET | 200 |  | 75 | /v1/friend_request
18:54:38 2024/09/17 - 18:54:38 | 200 | 1.0522ms | ::1 | GET | 200 |  | 43 | /v1/friend_request
18:54:47 2024/09/17 - 18:54:47 | 200 | 2024/09/17 - 18:54:47 | ::1 | GET | 200 |  | 75 | /v1/friend_request
19:18:06 2024/09/17 - 19:18:06 | 200 | 2024/09/17 - 19:18:06 | ::1 | GET | 200 |  | 75 | /v1/friend_request
19:22:44 2024/09/17 - 19:22:44 | 501 | 2024/09/17 - 19:22:44 | ::1 | GET | reflect: call of reflect.Value.NumField on slice Value | 75 | /v1/friend_request | 
19:27:19 2024/09/17 - 19:27:19 | 200 | 40.0855ms | ::1 | GET |  | 52 | /v1/friend_request
19:27:19 2024/09/17 - 19:27:19 | 200 | 2.0671ms | ::1 | GET |  | 176 | /v1/refresh_token
19:27:19 2024/09/17 - 19:27:19 | 501 | ::1 | GET | reflect: call of reflect.Value.NumField on slice Value | 75 | /v1/friend_request
19:29:26 2024/09/17 - 19:29:26 | 200 | 28.0044ms | ::1 | GET | 52 | /v1/friend_request | 
19:29:26 2024/09/17 - 19:29:26 | 200 | 1.303ms | ::1 | GET | 176 | /v1/refresh_token | 
19:33:31 2024/09/17 - 19:33:31 | 200 | 40.9988ms | ::1 | GET | 52 | /v1/friend_request | 
19:33:31 2024/09/17 - 19:33:31 | 200 | 2.013ms | ::1 | GET | 176 | /v1/refresh_token | 
19:33:31 2024/09/17 - 19:33:31 | 501 | ::1 | GET | 75 | /v1/friend_request | reflect: call of reflect.Value.NumField on slice Value
19:37:05 2024/09/17 - 19:37:05 | 200 | 509.8µs | ::1 | GET | 43 | /v1/friend_request | 
19:43:42 2024/09/17 - 19:43:42 | 200 | 23.8613ms | ::1 | GET | 52 | /v1/friend_request | 
19:43:42 2024/09/17 - 19:43:42 | 200 | 1.1354ms | ::1 | GET | 176 | /v1/refresh_token | 
19:43:42 2024/09/17 - 19:43:42 | 501 | 1.0548ms | ::1 | GET | 75 | /v1/friend_request | reflect: call of reflect.Value.NumField on slice Value
19:54:48 2024/09/17 - 19:54:48 | 200 | 12.7696ms | ::1 | GET | 52 | /v1/friend_request | 
19:54:48 2024/09/17 - 19:54:48 | 200 | 2.1217ms | ::1 | GET | 176 | /v1/refresh_token | 
19:54:48 2024/09/17 - 19:54:48 | 501 | 1.6001ms | ::1 | GET | 75 | /v1/friend_request | reflect: call of reflect.Value.NumField on slice Value
